To honour the JVM settings for this build a single-use Daemon process will be forked. For more on this, please refer to https://docs.gradle.org/8.14.5/userguide/gradle_daemon.html#sec:disabling_the_daemon in the Gradle documentation.
Daemon will be stopped at the end of the build 
> Task :core:core-data:preBuild UP-TO-DATE
> Task :feature:feature-artwork:preBuild UP-TO-DATE
> Task :core:core-common:checkKotlinGradlePluginConfigurationErrors SKIPPED
> Task :feature:feature-launcher:preBuild UP-TO-DATE
> Task :core:core-ui:checkKotlinGradlePluginConfigurationErrors SKIPPED
> Task :core:core-domain:checkKotlinGradlePluginConfigurationErrors SKIPPED
> Task :feature:feature-library:preBuild UP-TO-DATE
> Task :feature:feature-appbar:preBuild UP-TO-DATE
> Task :core:core-ui:preBuild UP-TO-DATE
> Task :core:core-data:preDebugBuild UP-TO-DATE
> Task :core:core-common:preBuild UP-TO-DATE
> Task :core:core-domain:preBuild UP-TO-DATE
> Task :feature:feature-artwork:preDebugBuild UP-TO-DATE
> Task :feature:feature-launcher:preDebugBuild UP-TO-DATE
> Task :feature:feature-appbar:preDebugBuild UP-TO-DATE
> Task :core:core-domain:preDebugBuild UP-TO-DATE
> Task :core:core-ui:preDebugBuild UP-TO-DATE
> Task :core:core-common:preDebugBuild UP-TO-DATE
> Task :feature:feature-library:preDebugBuild UP-TO-DATE
> Task :core:core-common:generateDebugResValues UP-TO-DATE
> Task :core:core-ui:generateDebugResValues UP-TO-DATE
> Task :feature:feature-launcher:generateDebugResValues UP-TO-DATE
> Task :core:core-data:generateDebugResValues UP-TO-DATE
> Task :feature:feature-appbar:generateDebugResValues UP-TO-DATE
> Task :feature:feature-artwork:generateDebugResValues UP-TO-DATE
> Task :core:core-domain:generateDebugResValues UP-TO-DATE
> Task :feature:feature-library:generateDebugResValues UP-TO-DATE
> Task :feature:feature-launcher:generateDebugResources UP-TO-DATE
> Task :feature:feature-artwork:generateDebugResources UP-TO-DATE
> Task :core:core-domain:generateDebugResources UP-TO-DATE
> Task :feature:feature-library:generateDebugResources UP-TO-DATE
> Task :feature:feature-appbar:generateDebugResources UP-TO-DATE
> Task :core:core-data:generateDebugResources UP-TO-DATE
> Task :core:core-common:generateDebugResources UP-TO-DATE
> Task :core:core-ui:generateDebugResources UP-TO-DATE
> Task :core:core-ui:javaPreCompileDebug UP-TO-DATE
> Task :feature:feature-settings:preBuild UP-TO-DATE
> Task :feature:feature-settings:preDebugBuild UP-TO-DATE
> Task :feature:feature-launcher:packageDebugResources UP-TO-DATE
> Task :feature:feature-appbar:packageDebugResources UP-TO-DATE
> Task :feature:feature-artwork:packageDebugResources UP-TO-DATE
> Task :feature:feature-library:packageDebugResources UP-TO-DATE
> Task :core:core-domain:packageDebugResources UP-TO-DATE
> Task :core:core-common:packageDebugResources UP-TO-DATE
> Task :core:core-data:packageDebugResources UP-TO-DATE
> Task :feature:feature-settings:generateDebugResValues UP-TO-DATE
> Task :feature:feature-launcher:parseDebugLocalResources UP-TO-DATE
> Task :feature:feature-artwork:parseDebugLocalResources UP-TO-DATE
> Task :core:core-common:parseDebugLocalResources UP-TO-DATE
> Task :core:core-domain:parseDebugLocalResources UP-TO-DATE
> Task :feature:feature-appbar:parseDebugLocalResources UP-TO-DATE
> Task :feature:feature-library:parseDebugLocalResources UP-TO-DATE
> Task :core:core-data:parseDebugLocalResources UP-TO-DATE
> Task :core:core-ui:packageDebugResources UP-TO-DATE
> Task :feature:feature-launcher:generateDebugRFile UP-TO-DATE
> Task :core:core-domain:generateDebugRFile UP-TO-DATE
> Task :feature:feature-appbar:generateDebugRFile UP-TO-DATE
> Task :feature:feature-appbar:checkKotlinGradlePluginConfigurationErrors SKIPPED
> Task :feature:feature-artwork:generateDebugRFile UP-TO-DATE
> Task :feature:feature-artwork:checkKotlinGradlePluginConfigurationErrors SKIPPED
> Task :feature:feature-library:generateDebugRFile UP-TO-DATE
> Task :feature:feature-launcher:checkKotlinGradlePluginConfigurationErrors SKIPPED
> Task :feature:feature-library:checkKotlinGradlePluginConfigurationErrors SKIPPED
> Task :core:core-ui:parseDebugLocalResources UP-TO-DATE
> Task :core:core-data:generateDebugRFile UP-TO-DATE
> Task :core:core-data:checkKotlinGradlePluginConfigurationErrors SKIPPED
> Task :core:core-common:generateDebugRFile UP-TO-DATE
> Task :core:core-ui:generateDebugRFile UP-TO-DATE
> Task :feature:feature-settings:generateDebugResources UP-TO-DATE
> Task :feature:feature-settings:packageDebugResources UP-TO-DATE
> Task :feature:feature-settings:parseDebugLocalResources UP-TO-DATE
> Task :feature:feature-settings:generateDebugRFile UP-TO-DATE
> Task :feature:feature-backup:preBuild UP-TO-DATE
> Task :feature:feature-backup:preDebugBuild UP-TO-DATE
> Task :feature:feature-backup:generateDebugResValues UP-TO-DATE
> Task :feature:feature-backup:generateDebugResources UP-TO-DATE
> Task :feature:feature-backup:packageDebugResources UP-TO-DATE
> Task :feature:feature-backup:parseDebugLocalResources UP-TO-DATE
> Task :feature:feature-backup:generateDebugRFile UP-TO-DATE
> Task :feature:feature-backup:checkKotlinGradlePluginConfigurationErrors SKIPPED
> Task :feature:feature-launcher:javaPreCompileDebug UP-TO-DATE
> Task :feature:feature-settings:checkKotlinGradlePluginConfigurationErrors SKIPPED
> Task :feature:feature-library:javaPreCompileDebug UP-TO-DATE
> Task :feature:feature-artwork:javaPreCompileDebug UP-TO-DATE
> Task :feature:feature-themes:preBuild UP-TO-DATE
> Task :feature:feature-themes:preDebugBuild UP-TO-DATE
> Task :feature:feature-appbar:javaPreCompileDebug UP-TO-DATE
> Task :feature:feature-xmb:checkKotlinGradlePluginConfigurationErrors SKIPPED
> Task :feature:feature-xmb:preBuild UP-TO-DATE
> Task :feature:feature-xmb:preDebugBuild UP-TO-DATE
> Task :feature:feature-themes:generateDebugResValues UP-TO-DATE
> Task :feature:feature-xmb:generateDebugResValues UP-TO-DATE
> Task :feature:feature-themes:generateDebugResources UP-TO-DATE
> Task :feature:feature-settings:generateDebugBuildConfig UP-TO-DATE
> Task :feature:feature-xmb:generateDebugResources UP-TO-DATE
> Task :feature:feature-settings:javaPreCompileDebug UP-TO-DATE
> Task :feature:feature-themes:packageDebugResources UP-TO-DATE
> Task :feature:feature-themes:parseDebugLocalResources UP-TO-DATE
> Task :feature:feature-backup:javaPreCompileDebug UP-TO-DATE
> Task :core:core-data:javaPreCompileDebug UP-TO-DATE
> Task :feature:feature-xmb:packageDebugResources UP-TO-DATE
> Task :feature:feature-themes:generateDebugRFile UP-TO-DATE
> Task :feature:feature-xmb:parseDebugLocalResources UP-TO-DATE
> Task :feature:feature-themes:checkKotlinGradlePluginConfigurationErrors SKIPPED
> Task :feature:feature-xmb:generateDebugRFile UP-TO-DATE
> Task :feature:feature-themes:javaPreCompileDebug UP-TO-DATE
> Task :core:core-common:javaPreCompileDebug UP-TO-DATE
> Task :core:core-domain:javaPreCompileDebug UP-TO-DATE
> Task :core:core-domain:compileDebugKotlin
> Task :core:core-domain:compileDebugJavaWithJavac NO-SOURCE
> Task :core:core-common:compileDebugKotlin
> Task :core:core-common:compileDebugJavaWithJavac NO-SOURCE
> Task :core:core-common:bundleLibRuntimeToJarDebug
> Task :core:core-common:bundleLibCompileToJarDebug
> Task :core:core-domain:bundleLibRuntimeToJarDebug
> Task :core:core-domain:bundleLibCompileToJarDebug
> Task :core:core-ui:compileDebugKotlin
> Task :core:core-ui:compileDebugJavaWithJavac NO-SOURCE
> Task :core:core-ui:bundleLibRuntimeToJarDebug
> Task :core:core-ui:bundleLibCompileToJarDebug

> Task :core:core-data:kspDebugKotlin
w: [ksp] C:/Users/johnn/Documents/NEXTJJEN/xmbdroid/core/core-data/src/main/kotlin/com/playfieldportal/core/data/database/PFPDatabase.kt:61: Schema export directory was not provided to the annotation processor so Room cannot export the schema. You can either provide `room.schemaLocation` annotation processor argument by applying the Room Gradle plugin (id 'androidx.room') OR set exportSchema to false.

> Task :core:core-data:compileDebugKotlin
> Task :core:core-data:compileDebugJavaWithJavac
> Task :core:core-data:transformDebugClassesWithAsm
> Task :core:core-data:bundleLibCompileToJarDebug
> Task :core:core-data:bundleLibRuntimeToJarDebug
> Task :feature:feature-library:kspDebugKotlin
> Task :feature:feature-launcher:kspDebugKotlin
> Task :feature:feature-themes:kspDebugKotlin
> Task :feature:feature-backup:kspDebugKotlin
> Task :feature:feature-library:compileDebugKotlin
> Task :feature:feature-launcher:compileDebugKotlin
> Task :feature:feature-themes:compileDebugKotlin
> Task :feature:feature-launcher:compileDebugJavaWithJavac UP-TO-DATE
> Task :feature:feature-library:compileDebugJavaWithJavac UP-TO-DATE
> Task :feature:feature-themes:compileDebugJavaWithJavac UP-TO-DATE
> Task :feature:feature-backup:compileDebugKotlin
> Task :feature:feature-backup:compileDebugJavaWithJavac UP-TO-DATE
> Task :feature:feature-appbar:kspDebugKotlin
> Task :feature:feature-library:transformDebugClassesWithAsm
> Task :feature:feature-library:bundleLibCompileToJarDebug UP-TO-DATE
> Task :feature:feature-library:bundleLibRuntimeToJarDebug UP-TO-DATE
> Task :feature:feature-backup:transformDebugClassesWithAsm
> Task :feature:feature-backup:bundleLibCompileToJarDebug UP-TO-DATE
> Task :feature:feature-backup:bundleLibRuntimeToJarDebug UP-TO-DATE
> Task :feature:feature-themes:transformDebugClassesWithAsm
> Task :feature:feature-themes:bundleLibCompileToJarDebug UP-TO-DATE
> Task :feature:feature-themes:bundleLibRuntimeToJarDebug UP-TO-DATE
> Task :feature:feature-launcher:transformDebugClassesWithAsm
> Task :feature:feature-launcher:bundleLibCompileToJarDebug UP-TO-DATE
> Task :feature:feature-launcher:bundleLibRuntimeToJarDebug UP-TO-DATE
> Task :feature:feature-appbar:compileDebugKotlin
> Task :feature:feature-artwork:kspDebugKotlin
> Task :feature:feature-appbar:compileDebugJavaWithJavac
> Task :feature:feature-appbar:transformDebugClassesWithAsm
> Task :feature:feature-appbar:bundleLibCompileToJarDebug UP-TO-DATE
> Task :feature:feature-artwork:compileDebugKotlin
> Task :feature:feature-artwork:compileDebugJavaWithJavac
> Task :feature:feature-artwork:transformDebugClassesWithAsm
> Task :feature:feature-artwork:bundleLibCompileToJarDebug
> Task :feature:feature-artwork:bundleLibRuntimeToJarDebug
> Task :feature:feature-settings:kspDebugKotlin
> Task :feature:feature-settings:compileDebugKotlin
> Task :feature:feature-settings:compileDebugJavaWithJavac
> Task :feature:feature-settings:transformDebugClassesWithAsm
> Task :feature:feature-settings:bundleLibCompileToJarDebug
> Task :feature:feature-xmb:kspDebugKotlin

> Task :feature:feature-xmb:compileDebugKotlin
w: file:///C:/Users/johnn/Documents/NEXTJJEN/xmbdroid/feature/feature-xmb/src/main/kotlin/com/playfieldportal/feature/xmb/ui/MusicBrowserScreen.kt:103:39 '@property:Deprecated(...) val Icons.Filled.ArrowBack: ImageVector' is deprecated. Use the AutoMirrored version at Icons.AutoMirrored.Filled.ArrowBack.
w: file:///C:/Users/johnn/Documents/NEXTJJEN/xmbdroid/feature/feature-xmb/src/main/kotlin/com/playfieldportal/feature/xmb/ui/MusicBrowserScreen.kt:221:35 '@property:Deprecated(...) val Icons.Filled.QueueMusic: ImageVector' is deprecated. Use the AutoMirrored version at Icons.AutoMirrored.Filled.QueueMusic.
w: file:///C:/Users/johnn/Documents/NEXTJJEN/xmbdroid/feature/feature-xmb/src/main/kotlin/com/playfieldportal/feature/xmb/ui/XMBItemList.kt:525:34 '@property:Deprecated(...) val Icons.Filled.QueueMusic: ImageVector' is deprecated. Use the AutoMirrored version at Icons.AutoMirrored.Filled.QueueMusic.
w: file:///C:/Users/johnn/Documents/NEXTJJEN/xmbdroid/feature/feature-xmb/src/main/kotlin/com/playfieldportal/feature/xmb/viewmodel/XMBViewModel.kt:2119:37 Condition is always 'true'.

[Incubating] Problems report is available at: file:///C:/Users/johnn/Documents/NEXTJJEN/xmbdroid/build/reports/problems/problems-report.html

Deprecated Gradle features were used in this build, making it incompatible with Gradle 9.0.

You can use '--warning-mode all' to show the individual deprecation warnings and determine if they come from your own scripts or plugins.

For more on this, please refer to https://docs.gradle.org/8.14.5/userguide/command_line_interface.html#sec:command_line_warnings in the Gradle documentation.

BUILD SUCCESSFUL in 3m 28s
129 actionable tasks: 44 executed, 85 up-to-date
